2026-05-12 16:34:08 +0000 - dagster - DEBUG - __ASSET_JOB - 26752b71-c641-4f3e-a7c5-f2814eb5e864 - 886 - LOGS_CAPTURED - Capturing logs for process (pid: 886).
2026-05-12 16:34:08 +0000 - dagster - DEBUG - __ASSET_JOB - 26752b71-c641-4f3e-a7c5-f2814eb5e864 - 886 - stg_customers - STEP_START - Started execution of step "stg_customers".
2026-05-12 16:34:09 +0000 - dagster - ERROR - __ASSET_JOB - 26752b71-c641-4f3e-a7c5-f2814eb5e864 - 886 - stg_customers - STEP_FAILURE - Execution of step "stg_customers" failed.

dagster._core.errors.DagsterExecutionStepExecutionError: Error occurred while executing op "stg_customers"::

KeyError: 'customer_id'

Stack Trace:
  File "/usr/local/lib/python3.11/site-packages/dagster/_core/execution/plan/utils.py", line 57, in op_execution_error_boundary
    yield
  File "/usr/local/lib/python3.11/site-packages/dagster/_utils/__init__.py", line 394, in iterate_with_context
    next_output = next(iterator)
                  ^^^^^^^^^^^^^^
  File "/usr/local/lib/python3.11/site-packages/dagster/_core/execution/plan/compute_generator.py", line 135, in _coerce_op_compute_fn_to_iterator
    result = invoke_compute_fn(
             ^^^^^^^^^^^^^^^^^^
  File "/usr/local/lib/python3.11/site-packages/dagster/_core/execution/plan/compute_generator.py", line 115, in invoke_compute_fn
    return fn(context, **args_to_pass) if context_arg_provided else fn(**args_to_pass)
           ^^^^^^^^^^^^^^^^^^^^^^^^^^^
  File "/app/dagster_postgres_etl/assets.py", line 35, in stg_customers
    int(row["customer_id"]),
        ~~~^^^^^^^^^^^^^^^
  File "/usr/local/lib/python3.11/site-packages/pandas/core/series.py", line 959, in __getitem__
    return self._get_value(key)
           ^^^^^^^^^^^^^^^^^^^^
  File "/usr/local/lib/python3.11/site-packages/pandas/core/series.py", line 1046, in _get_value
    loc = self.index.get_loc(label)
          ^^^^^^^^^^^^^^^^^^^^^^^^^
  File "/usr/local/lib/python3.11/site-packages/pandas/core/indexes/base.py", line 3648, in get_loc
    raise KeyError(key) from err

The above exception was caused by the following exception:
KeyError: 'customer_id'

Stack Trace:
  File "/usr/local/lib/python3.11/site-packages/pandas/core/indexes/base.py", line 3641, in get_loc
    return self._engine.get_loc(casted_key)
           ^^^^^^^^^^^^^^^^^^^^^^^^^^^^^^^^
  File "pandas/_libs/index.pyx", line 168, in pandas._libs.index.IndexEngine.get_loc
  File "pandas/_libs/index.pyx", line 197, in pandas._libs.index.IndexEngine.get_loc
  File "pandas/_libs/hashtable_class_helper.pxi", line 7668, in pandas._libs.hashtable.PyObjectHashTable.get_item
  File "pandas/_libs/hashtable_class_helper.pxi", line 7676, in pandas._libs.hashtable.PyObjectHashTable.get_item

